CRITICAL - 2024-02-21 15:24:56 --> TypeError: explode(): Argument #2 ($string) must be of type string, array given
in SYSTEMPATH\Router\Router.php on line 475.
 1 SYSTEMPATH\Router\Router.php(475): explode('::', [...])
 2 SYSTEMPATH\Router\Router.php(186): CodeIgniter\Router\Router->checkRoutes('posts')
 3 SYSTEMPATH\CodeIgniter.php(823): CodeIgniter\Router\Router->handle('posts')
 4 SYSTEMPATH\CodeIgniter.php(450): CodeIgniter\CodeIgniter->tryToRouteIt(Object(CodeIgniter\Router\RouteCollection))
 5 SYSTEMPATH\CodeIgniter.php(361): CodeIgniter\CodeIgniter->handleRequest(null, Object(Config\Cache), false)
 6 FCPATH\index.php(79): CodeIgniter\CodeIgniter->run()
 7 SYSTEMPATH\Commands\Server\rewrite.php(47): require_once('E:\\en desarrollo\\upnweb\\public\\index.php')
CRITICAL - 2024-02-21 15:25:19 --> TypeError: explode(): Argument #2 ($string) must be of type string, array given
in SYSTEMPATH\Router\Router.php on line 475.
 1 SYSTEMPATH\Router\Router.php(475): explode('::', [...])
 2 SYSTEMPATH\Router\Router.php(186): CodeIgniter\Router\Router->checkRoutes('posts')
 3 SYSTEMPATH\CodeIgniter.php(823): CodeIgniter\Router\Router->handle('posts')
 4 SYSTEMPATH\CodeIgniter.php(450): CodeIgniter\CodeIgniter->tryToRouteIt(Object(CodeIgniter\Router\RouteCollection))
 5 SYSTEMPATH\CodeIgniter.php(361): CodeIgniter\CodeIgniter->handleRequest(null, Object(Config\Cache), false)
 6 FCPATH\index.php(79): CodeIgniter\CodeIgniter->run()
 7 SYSTEMPATH\Commands\Server\rewrite.php(47): require_once('E:\\en desarrollo\\upnweb\\public\\index.php')
CRITICAL - 2024-02-21 15:25:42 --> TypeError: explode(): Argument #2 ($string) must be of type string, array given
in SYSTEMPATH\Router\Router.php on line 475.
 1 SYSTEMPATH\Router\Router.php(475): explode('::', [...])
 2 SYSTEMPATH\Router\Router.php(186): CodeIgniter\Router\Router->checkRoutes('posts')
 3 SYSTEMPATH\CodeIgniter.php(823): CodeIgniter\Router\Router->handle('posts')
 4 SYSTEMPATH\CodeIgniter.php(450): CodeIgniter\CodeIgniter->tryToRouteIt(Object(CodeIgniter\Router\RouteCollection))
 5 SYSTEMPATH\CodeIgniter.php(361): CodeIgniter\CodeIgniter->handleRequest(null, Object(Config\Cache), false)
 6 FCPATH\index.php(79): CodeIgniter\CodeIgniter->run()
 7 SYSTEMPATH\Commands\Server\rewrite.php(47): require_once('E:\\en desarrollo\\upnweb\\public\\index.php')
